#
# There is insufficient memory for the Java Runtime Environment to continue.
# Native memory allocation (malloc) failed to allocate 565296 bytes for Chunk::new
# Possible reasons:
#   The system is out of physical RAM or swap space
#   The process is running with CompressedOops enabled, and the Java Heap may be blocking the growth of the native heap
# Possible solutions:
#   Reduce memory load on the system
#   Increase physical memory or swap space
#   Check if swap backing store is full
#   Decrease Java heap size (-Xmx/-Xms)
#   Decrease number of Java threads
#   Decrease Java thread stack sizes (-Xss)
#   Set larger code cache with -XX:ReservedCodeCacheSize=
#   JVM is running with Unscaled Compressed Oops mode in which the Java heap is
#     placed in the first 4GB address space. The Java Heap base address is the
#     maximum limit for the native heap growth. Please use -XX:HeapBaseMinAddress
#     to set the Java Heap base and to place the Java Heap above 4GB virtual address.
# This output file may be truncated or incomplete.
#
#  Out of Memory Error (allocation.cpp:389), pid=56212, tid=0x000000000000cfb8
#
# JRE version: Java(TM) SE Runtime Environment (8.0_241-b07) (build 1.8.0_241-b07)
# Java VM: Java HotSpot(TM) 64-Bit Server VM (25.241-b07 mixed mode windows-amd64 compressed oops)
# Failed to write core dump. Minidumps are not enabled by default on client versions of Windows
#

---------------  T H R E A D  ---------------

Current thread (0x000000001a360000):  JavaThread "C2 CompilerThread1" daemon [_thread_in_native, id=53176, stack(0x000000001adc0000,0x000000001aec0000)]

Stack: [0x000000001adc0000,0x000000001aec0000]
[error occurred during error reporting (printing stack bounds), id 0xc0000005]

Native frames: (J=compiled Java code, j=interpreted, Vv=VM code, C=native code)


Current CompileTask:
C2:   9826 3153   !   4       org.codehaus.plexus.interpolation.StringSearchInterpolator::interpolate (650 bytes)


---------------  P R O C E S S  ---------------

Java Threads: ( => current thread )
  0x000000001a3e4000 JavaThread "Service Thread" daemon [_thread_blocked, id=35368, stack(0x000000001b0c0000,0x000000001b1c0000)]
  0x000000001a382000 JavaThread "C1 CompilerThread3" daemon [_thread_blocked, id=56172, stack(0x000000001afc0000,0x000000001b0c0000)]
  0x000000001a365800 JavaThread "C2 CompilerThread2" daemon [_thread_blocked, id=48572, stack(0x000000001aec0000,0x000000001afc0000)]
=>0x000000001a360000 JavaThread "C2 CompilerThread1" daemon [_thread_in_native, id=53176, stack(0x000000001adc0000,0x000000001aec0000)]
  0x000000001a35c000 JavaThread "C2 CompilerThread0" daemon [_thread_blocked, id=55564, stack(0x000000001acc0000,0x000000001adc0000)]
  0x000000001a359800 JavaThread "Monitor Ctrl-Break" daemon [_thread_in_native, id=52108, stack(0x000000001abc0000,0x000000001acc0000)]
  0x000000001a2f3800 JavaThread "Attach Listener" daemon [_thread_blocked, id=24112, stack(0x000000001aac0000,0x000000001abc0000)]
  0x000000001a2ef000 JavaThread "Signal Dispatcher" daemon [_thread_blocked, id=53320, stack(0x000000001a9c0000,0x000000001aac0000)]
  0x000000001a2e0800 JavaThread "Finalizer" daemon [_thread_blocked, id=4832, stack(0x000000001a7c0000,0x000000001a8c0000)]
  0x00000000184dd000 JavaThread "Reference Handler" daemon [_thread_blocked, id=47584, stack(0x000000001a6c0000,0x000000001a7c0000)]
  0x0000000003442800 JavaThread "main" [_thread_in_Java, id=31400, stack(0x0000000003100000,0x0000000003200000)]

Other Threads:
  0x00000000184d9000 VMThread [stack: 0x000000001a1c0000,0x000000001a2c0000] [id=54176]
  0x000000001a3e6800 WatcherThread [stack: 0x000000001b1c0000,0x000000001b2c0000] [id=53652]

VM state:not at safepoint (normal execution)

VM Mutex/Monitor currently owned by a thread: None

heap address: 0x0000000081800000, size: 2024 MB, Compressed Oops mode: 32-bit
Narrow klass base: 0x0000000000000000, Narrow klass shift: 3
Compressed class space size: 1073741824 Address: 0x0000000100000000

Heap:
 PSYoungGen      total 38400K, used 6957K [0x00000000d5d80000, 0x00000000d8800000, 0x0000000100000000)
  eden space 33280K, 9% used [0x00000000d5d80000,0x00000000d60be5a0,0x00000000d7e00000)
  from space 5120K, 71% used [0x00000000d8300000,0x00000000d868d1f0,0x00000000d8800000)
  to   space 5120K, 0% used [0x00000000d7e00000,0x00000000d7e00000,0x00000000d8300000)
 ParOldGen       total 87552K, used 6983K [0x0000000081800000, 0x0000000086d80000, 0x00000000d5d80000)
  object space 87552K, 7% used [0x0000000081800000,0x0000000081ed1ec8,0x0000000086d80000)
 Metaspace       used 17398K, capacity 17832K, committed 18176K, reserved 1064960K
  class space    used 2072K, capacity 2188K, committed 2304K, reserved 1048576K

Card table byte_map: [0x0000000012900000,0x0000000012d00000] byte_map_base: 0x00000000124f4000

Marking Bits: (ParMarkBitMap*) 0x000000005f72be30
 Begin Bits: [0x00000000137b0000, 0x0000000015750000)
 End Bits:   [0x0000000015750000, 0x00000000176f0000)

Polling page: 0x00000000013f0000

CodeCache: size=245760Kb used=9090Kb max_used=9801Kb free=236669Kb
 bounds [0x0000000003540000, 0x0000000003ee0000, 0x0000000012540000]
 total_blobs=3139 nmethods=2766 adapters=285
 compilation: enabled

Compilation events (10 events):
Event: 9.782 Thread 0x000000001a382000 3167       3       org.apache.maven.model.ModelBase::setReporting (6 bytes)
Event: 9.782 Thread 0x000000001a382000 nmethod 3167 0x0000000003702910 code [0x0000000003702a60, 0x0000000003702bd0]
Event: 9.782 Thread 0x000000001a382000 3168       3       org.apache.maven.model.Organization::<init> (5 bytes)
Event: 9.782 Thread 0x000000001a35c000 nmethod 3169 0x0000000003895e10 code [0x0000000003895f60, 0x0000000003896278]
Event: 9.783 Thread 0x000000001a382000 nmethod 3168 0x000000000374a090 code [0x000000000374a1e0, 0x000000000374a390]
Event: 9.795 Thread 0x000000001a365800 nmethod 3152 0x00000000038ad350 code [0x00000000038ad5a0, 0x00000000038ae7d8]
Event: 9.799 Thread 0x000000001a382000 3170       3       org.apache.maven.model.DistributionManagement::setRepository (6 bytes)
Event: 9.800 Thread 0x000000001a382000 nmethod 3170 0x0000000003b31a90 code [0x0000000003b31be0, 0x0000000003b31d50]
Event: 9.802 Thread 0x000000001a382000 3171       1       org.eclipse.aether.resolution.ArtifactDescriptorRequest::getTrace (5 bytes)
Event: 9.802 Thread 0x000000001a382000 nmethod 3171 0x00000000039dab90 code [0x00000000039dace0, 0x00000000039dadf0]

GC Heap History (10 events):
Event: 5.795 GC heap before
{Heap before GC invocations=3 (full 0):
 PSYoungGen      total 38400K, used 38387K [0x00000000d5d80000, 0x00000000d8800000, 0x0000000100000000)
  eden space 33280K, 100% used [0x00000000d5d80000,0x00000000d7e00000,0x00000000d7e00000)
  from space 5120K, 99% used [0x00000000d8300000,0x00000000d87fcc98,0x00000000d8800000)
  to   space 5120K, 0% used [0x00000000d7e00000,0x00000000d7e00000,0x00000000d8300000)
 ParOldGen       total 87552K, used 644K [0x0000000081800000, 0x0000000086d80000, 0x00000000d5d80000)
  object space 87552K, 0% used [0x0000000081800000,0x00000000818a1118,0x0000000086d80000)
 Metaspace       used 14681K, capacity 14904K, committed 14976K, reserved 1062912K
  class space    used 1811K, capacity 1905K, committed 1920K, reserved 1048576K
Event: 5.806 GC heap after
Heap after GC invocations=3 (full 0):
 PSYoungGen      total 38400K, used 5103K [0x00000000d5d80000, 0x00000000d8800000, 0x0000000100000000)
  eden space 33280K, 0% used [0x00000000d5d80000,0x00000000d5d80000,0x00000000d7e00000)
  from space 5120K, 99% used [0x00000000d7e00000,0x00000000d82fbe90,0x00000000d8300000)
  to   space 5120K, 0% used [0x00000000d8300000,0x00000000d8300000,0x00000000d8800000)
 ParOldGen       total 87552K, used 2560K [0x0000000081800000, 0x0000000086d80000, 0x00000000d5d80000)
  object space 87552K, 2% used [0x0000000081800000,0x0000000081a80300,0x0000000086d80000)
 Metaspace       used 14681K, capacity 14904K, committed 14976K, reserved 1062912K
  class space    used 1811K, capacity 1905K, committed 1920K, reserved 1048576K
}
Event: 7.024 GC heap before
{Heap before GC invocations=4 (full 0):
 PSYoungGen      total 38400K, used 37798K [0x00000000d5d80000, 0x00000000d8800000, 0x0000000100000000)
  eden space 33280K, 98% used [0x00000000d5d80000,0x00000000d7d6dbe0,0x00000000d7e00000)
  from space 5120K, 99% used [0x00000000d7e00000,0x00000000d82fbe90,0x00000000d8300000)
  to   space 5120K, 0% used [0x00000000d8300000,0x00000000d8300000,0x00000000d8800000)
 ParOldGen       total 87552K, used 2560K [0x0000000081800000, 0x0000000086d80000, 0x00000000d5d80000)
  object space 87552K, 2% used [0x0000000081800000,0x0000000081a80300,0x0000000086d80000)
 Metaspace       used 16229K, capacity 16532K, committed 16768K, reserved 1064960K
  class space    used 1975K, capacity 2079K, committed 2176K, reserved 1048576K
Event: 7.032 GC heap after
Heap after GC invocations=4 (full 0):
 PSYoungGen      total 38400K, used 5088K [0x00000000d5d80000, 0x00000000d8800000, 0x0000000100000000)
  eden space 33280K, 0% used [0x00000000d5d80000,0x00000000d5d80000,0x00000000d7e00000)
  from space 5120K, 99% used [0x00000000d8300000,0x00000000d87f8020,0x00000000d8800000)
  to   space 5120K, 0% used [0x00000000d7e00000,0x00000000d7e00000,0x00000000d8300000)
 ParOldGen       total 87552K, used 4540K [0x0000000081800000, 0x0000000086d80000, 0x00000000d5d80000)
  object space 87552K, 5% used [0x0000000081800000,0x0000000081c6f0b8,0x0000000086d80000)
 Metaspace       used 16229K, capacity 16532K, committed 16768K, reserved 1064960K
  class space    used 1975K, capacity 2079K, committed 2176K, reserved 1048576K
}
Event: 7.032 GC heap before
{Heap before GC invocations=5 (full 1):
 PSYoungGen      total 38400K, used 5088K [0x00000000d5d80000, 0x00000000d8800000, 0x0000000100000000)
  eden space 33280K, 0% used [0x00000000d5d80000,0x00000000d5d80000,0x00000000d7e00000)
  from space 5120K, 99% used [0x00000000d8300000,0x00000000d87f8020,0x00000000d8800000)
  to   space 5120K, 0% used [0x00000000d7e00000,0x00000000d7e00000,0x00000000d8300000)
 ParOldGen       total 87552K, used 4540K [0x0000000081800000, 0x0000000086d80000, 0x00000000d5d80000)
  object space 87552K, 5% used [0x0000000081800000,0x0000000081c6f0b8,0x0000000086d80000)
 Metaspace       used 16229K, capacity 16532K, committed 16768K, reserved 1064960K
  class space    used 1975K, capacity 2079K, committed 2176K, reserved 1048576K
Event: 7.079 GC heap after
Heap after GC invocations=5 (full 1):
 PSYoungGen      total 38400K, used 0K [0x00000000d5d80000, 0x00000000d8800000, 0x0000000100000000)
  eden space 33280K, 0% used [0x00000000d5d80000,0x00000000d5d80000,0x00000000d7e00000)
  from space 5120K, 0% used [0x00000000d8300000,0x00000000d8300000,0x00000000d8800000)
  to   space 5120K, 0% used [0x00000000d7e00000,0x00000000d7e00000,0x00000000d8300000)
 ParOldGen       total 87552K, used 6967K [0x0000000081800000, 0x0000000086d80000, 0x00000000d5d80000)
  object space 87552K, 7% used [0x0000000081800000,0x0000000081ecdec8,0x0000000086d80000)
 Metaspace       used 16229K, capacity 16532K, committed 16768K, reserved 1064960K
  class space    used 1975K, capacity 2079K, committed 2176K, reserved 1048576K
}
Event: 8.205 GC heap before
{Heap before GC invocations=6 (full 1):
 PSYoungGen      total 38400K, used 33280K [0x00000000d5d80000, 0x00000000d8800000, 0x0000000100000000)
  eden space 33280K, 100% used [0x00000000d5d80000,0x00000000d7e00000,0x00000000d7e00000)
  from space 5120K, 0% used [0x00000000d8300000,0x00000000d8300000,0x00000000d8800000)
  to   space 5120K, 0% used [0x00000000d7e00000,0x00000000d7e00000,0x00000000d8300000)
 ParOldGen       total 87552K, used 6967K [0x0000000081800000, 0x0000000086d80000, 0x00000000d5d80000)
  object space 87552K, 7% used [0x0000000081800000,0x0000000081ecdec8,0x0000000086d80000)
 Metaspace       used 16523K, capacity 16856K, committed 17024K, reserved 1064960K
  class space    used 1979K, capacity 2079K, committed 2176K, reserved 1048576K
Event: 8.211 GC heap after
Heap after GC invocations=6 (full 1):
 PSYoungGen      total 38400K, used 1696K [0x00000000d5d80000, 0x00000000d8800000, 0x0000000100000000)
  eden space 33280K, 0% used [0x00000000d5d80000,0x00000000d5d80000,0x00000000d7e00000)
  from space 5120K, 33% used [0x00000000d7e00000,0x00000000d7fa8000,0x00000000d8300000)
  to   space 5120K, 0% used [0x00000000d8300000,0x00000000d8300000,0x00000000d8800000)
 ParOldGen       total 87552K, used 6975K [0x0000000081800000, 0x0000000086d80000, 0x00000000d5d80000)
  object space 87552K, 7% used [0x0000000081800000,0x0000000081ecfec8,0x0000000086d80000)
 Metaspace       used 16523K, capacity 16856K, committed 17024K, reserved 1064960K
  class space    used 1979K, capacity 2079K, committed 2176K, reserved 1048576K
}
Event: 9.682 GC heap before
{Heap before GC invocations=7 (full 1):
 PSYoungGen      total 38400K, used 34976K [0x00000000d5d80000, 0x00000000d8800000, 0x0000000100000000)
  eden space 33280K, 100% used [0x00000000d5d80000,0x00000000d7e00000,0x00000000d7e00000)
  from space 5120K, 33% used [0x00000000d7e00000,0x00000000d7fa8000,0x00000000d8300000)
  to   space 5120K, 0% used [0x00000000d8300000,0x00000000d8300000,0x00000000d8800000)
 ParOldGen       total 87552K, used 6975K [0x0000000081800000, 0x0000000086d80000, 0x00000000d5d80000)
  object space 87552K, 7% used [0x0000000081800000,0x0000000081ecfec8,0x0000000086d80000)
 Metaspace       used 17381K, capacity 17768K, committed 17920K, reserved 1064960K
  class space    used 2072K, capacity 2188K, committed 2304K, reserved 1048576K
Event: 9.686 GC heap after
Heap after GC invocations=7 (full 1):
 PSYoungGen      total 38400K, used 3636K [0x00000000d5d80000, 0x00000000d8800000, 0x0000000100000000)
  eden space 33280K, 0% used [0x00000000d5d80000,0x00000000d5d80000,0x00000000d7e00000)
  from space 5120K, 71% used [0x00000000d8300000,0x00000000d868d1f0,0x00000000d8800000)
  to   space 5120K, 0% used [0x00000000d7e00000,0x00000000d7e00000,0x00000000d8300000)
 ParOldGen       total 87552K, used 6983K [0x0000000081800000, 0x0000000086d80000, 0x00000000d5d80000)
  object space 87552K, 7% used [0x0000000081800000,0x0000000081ed1ec8,0x0000000086d80000)
 Metaspace       used 17381K, capacity 17768K, committed 17920K, reserved 1064960K
  class space    used 2072K, capacity 2188K, committed 2304K, reserved 1048576K
}

Deoptimization events (10 events):
Event: 8.411 Thread 0x0000000003442800 Uncommon trap: reason=bimorphic action=maybe_recompile pc=0x0000000003b45688 method=java.util.concurrent.ConcurrentHashMap.get(Ljava/lang/Object;)Ljava/lang/Object; @ 149
Event: 8.607 Thread 0x0000000003442800 Uncommon trap: reason=unstable_if action=reinterpret pc=0x0000000003ca60fc method=org.apache.maven.model.io.xpp3.MavenXpp3Reader.nextTag(Lorg/codehaus/plexus/util/xml/pull/XmlPullParser;)I @ 9
Event: 8.646 Thread 0x0000000003442800 Uncommon trap: reason=unstable_if action=reinterpret pc=0x00000000036b40ac method=java.util.WeakHashMap.get(Ljava/lang/Object;)Ljava/lang/Object; @ 56
Event: 9.137 Thread 0x0000000003442800 Uncommon trap: reason=unstable_if action=reinterpret pc=0x0000000003d8bd90 method=org.eclipse.sisu.plexus.RealmFilteredBeans$FilteredItr.hasNext()Z @ 44
Event: 9.392 Thread 0x0000000003442800 Uncommon trap: reason=predicate action=maybe_recompile pc=0x0000000003ed58c8 method=java.util.TimSort.binarySort([Ljava/lang/Object;IIILjava/util/Comparator;)V @ 37
Event: 9.419 Thread 0x0000000003442800 Uncommon trap: reason=array_check action=maybe_recompile pc=0x0000000003b0eb14 method=java.util.TimSort.binarySort([Ljava/lang/Object;IIILjava/util/Comparator;)V @ 183
Event: 9.419 Thread 0x0000000003442800 Uncommon trap: reason=array_check action=maybe_recompile pc=0x0000000003b0ea4c method=java.util.TimSort.binarySort([Ljava/lang/Object;IIILjava/util/Comparator;)V @ 193
Event: 9.420 Thread 0x0000000003442800 Uncommon trap: reason=array_check action=maybe_recompile pc=0x0000000003b0e988 method=java.util.TimSort.binarySort([Ljava/lang/Object;IIILjava/util/Comparator;)V @ 215
Event: 9.423 Thread 0x0000000003442800 Uncommon trap: reason=array_check action=maybe_recompile pc=0x0000000003b0eb14 method=java.util.TimSort.binarySort([Ljava/lang/Object;IIILjava/util/Comparator;)V @ 183
Event: 9.556 Thread 0x0000000003442800 Uncommon trap: reason=unstable_if action=reinterpret pc=0x00000000039bc7c8 method=org.codehaus.plexus.classworlds.realm.Entry.matches(Ljava/lang/String;)Z @ 109

Classes redefined (0 events):
No events

Internal exceptions (10 events):
Event: 5.491 Thread 0x0000000003442800 Exception <a 'java/lang/NoClassDefFoundError': javax/annotation/Priority> (0x00000000d73b6338) thrown at [C:\ade\jenkins\workspace\8-2-build-windows-amd64-cygwin\jdk8u241\331\hotspot\src\share\vm\classfile\systemDictionary.cpp, line 199]
Event: 5.603 Thread 0x0000000003442800 Implicit null exception at 0x0000000003713e98 to 0x0000000003714051
Event: 6.177 Thread 0x0000000003442800 Implicit null exception at 0x0000000003935355 to 0x0000000003935525
Event: 6.288 Thread 0x0000000003442800 Implicit null exception at 0x0000000003bccd5d to 0x0000000003bcdef1
Event: 9.508 Thread 0x0000000003442800 Exception <a 'java/lang/NoClassDefFoundError': org/apache/maven/doxia/sink/SinkEventAttributes> (0x00000000d78ee9d8) thrown at [C:\ade\jenkins\workspace\8-2-build-windows-amd64-cygwin\jdk8u241\331\hotspot\src\share\vm\classfile\systemDictionary.cpp, line 
Event: 9.519 Thread 0x0000000003442800 Exception <a 'java/lang/NoClassDefFoundError': org/apache/maven/doxia/sink/SinkEventAttributes> (0x00000000d79186f0) thrown at [C:\ade\jenkins\workspace\8-2-build-windows-amd64-cygwin\jdk8u241\331\hotspot\src\share\vm\classfile\systemDictionary.cpp, line 
Event: 9.526 Thread 0x0000000003442800 Exception <a 'java/lang/NoClassDefFoundError': org/apache/maven/doxia/sink/SinkEventAttributes> (0x00000000d793b378) thrown at [C:\ade\jenkins\workspace\8-2-build-windows-amd64-cygwin\jdk8u241\331\hotspot\src\share\vm\classfile\systemDictionary.cpp, line 
Event: 9.530 Thread 0x0000000003442800 Exception <a 'java/lang/NoClassDefFoundError': org/apache/maven/doxia/sink/SinkEventAttributes> (0x00000000d79624f0) thrown at [C:\ade\jenkins\workspace\8-2-build-windows-amd64-cygwin\jdk8u241\331\hotspot\src\share\vm\classfile\systemDictionary.cpp, line 
Event: 9.534 Thread 0x0000000003442800 Exception <a 'java/lang/NoClassDefFoundError': org/apache/maven/doxia/sink/SinkEventAttributes> (0x00000000d797bb50) thrown at [C:\ade\jenkins\workspace\8-2-build-windows-amd64-cygwin\jdk8u241\331\hotspot\src\share\vm\classfile\systemDictionary.cpp, line 
Event: 9.537 Thread 0x0000000003442800 Exception <a 'java/lang/NoClassDefFoundError': org/apache/maven/doxia/sink/SinkEventAttributes> (0x00000000d798c940) thrown at [C:\ade\jenkins\workspace\8-2-build-windows-amd64-cygwin\jdk8u241\331\hotspot\src\share\vm\classfile\systemDictionary.cpp, line 

Events (10 events):
Event: 9.719 Thread 0x000000001a382000 flushing nmethod 0x0000000003bdbd50
Event: 9.720 Thread 0x000000001a382000 flushing nmethod 0x0000000003c0d650
Event: 9.720 Thread 0x000000001a382000 flushing nmethod 0x0000000003c19dd0
Event: 9.720 Thread 0x000000001a382000 flushing nmethod 0x0000000003c1add0
Event: 9.721 Thread 0x000000001a382000 flushing nmethod 0x0000000003c89850
Event: 9.721 Thread 0x000000001a382000 flushing nmethod 0x0000000003ca3a50
Event: 9.721 Thread 0x000000001a382000 flushing nmethod 0x0000000003cb5a90
Event: 9.724 Thread 0x000000001a360000 flushing nmethod 0x0000000003d0ae10
Event: 9.724 Thread 0x000000001a360000 flushing nmethod 0x0000000003d11c90
Event: 9.724 Thread 0x000000001a360000 flushing nmethod 0x0000000003d609d0


Dynamic libraries:
0x00007ff7f5df0000 - 0x00007ff7f5e27000 	C:\Program Files\Java\jdk1.8.0_241\bin\java.exe
0x00007ff80a420000 - 0x00007ff80a610000 	C:\WINDOWS\SYSTEM32\ntdll.dll
0x00007ff8090a0000 - 0x00007ff809152000 	C:\WINDOWS\System32\KERNEL32.DLL
0x00007ff807c00000 - 0x00007ff807ea3000 	C:\WINDOWS\System32\KERNELBASE.dll
0x00007ff808580000 - 0x00007ff808623000 	C:\WINDOWS\System32\ADVAPI32.dll
0x00007ff8087c0000 - 0x00007ff80885e000 	C:\WINDOWS\System32\msvcrt.dll
0x00007ff809e20000 - 0x00007ff809eb7000 	C:\WINDOWS\System32\sechost.dll
0x00007ff809ce0000 - 0x00007ff809e00000 	C:\WINDOWS\System32\RPCRT4.dll
0x00007ff809570000 - 0x00007ff809704000 	C:\WINDOWS\System32\USER32.dll
0x00007ff807ee0000 - 0x00007ff807f01000 	C:\WINDOWS\System32\win32u.dll
0x00007ff809710000 - 0x00007ff809736000 	C:\WINDOWS\System32\GDI32.dll
0x00007ff807f10000 - 0x00007ff8080a4000 	C:\WINDOWS\System32\gdi32full.dll
0x00007ff8080b0000 - 0x00007ff80814e000 	C:\WINDOWS\System32\msvcp_win.dll
0x00007ff808150000 - 0x00007ff80824a000 	C:\WINDOWS\System32\ucrtbase.dll
0x00007ffffad20000 - 0x00007ffffafa5000 	C:\WINDOWS\WinSxS\amd64_microsoft.windows.common-controls_6595b64144ccf1df_6.0.18362.778_none_e6c6b761130d4fb8\COMCTL32.dll
0x00007ff809920000 - 0x00007ff809c56000 	C:\WINDOWS\System32\combase.dll
0x00007ff8082b0000 - 0x00007ff808330000 	C:\WINDOWS\System32\bcryptPrimitives.dll
0x00007ff809740000 - 0x00007ff80976e000 	C:\WINDOWS\System32\IMM32.DLL
0x000000005fb80000 - 0x000000005fc52000 	C:\Program Files\Java\jdk1.8.0_241\jre\bin\msvcr100.dll
0x000000005ef00000 - 0x000000005f7ac000 	C:\Program Files\Java\jdk1.8.0_241\jre\bin\server\jvm.dll
0x00007ff8092b0000 - 0x00007ff8092b8000 	C:\WINDOWS\System32\PSAPI.DLL
0x00007ffffa250000 - 0x00007ffffa259000 	C:\WINDOWS\SYSTEM32\WSOCK32.dll
0x00007ffffd0a0000 - 0x00007ffffd0c4000 	C:\WINDOWS\SYSTEM32\WINMM.dll
0x00007ffffd8e0000 - 0x00007ffffd8ea000 	C:\WINDOWS\SYSTEM32\VERSION.dll
0x00007ff809390000 - 0x00007ff8093ff000 	C:\WINDOWS\System32\WS2_32.dll
0x00007ffffce60000 - 0x00007ffffce8d000 	C:\WINDOWS\SYSTEM32\winmmbase.dll
0x00007ff808480000 - 0x00007ff8084ca000 	C:\WINDOWS\System32\cfgmgr32.dll
0x00007ff802d10000 - 0x00007ff802d1f000 	C:\Program Files\Java\jdk1.8.0_241\jre\bin\verify.dll
0x00007ffffe580000 - 0x00007ffffe5a9000 	C:\Program Files\Java\jdk1.8.0_241\jre\bin\java.dll
0x00007ffffc730000 - 0x00007ffffc753000 	C:\Program Files\Java\jdk1.8.0_241\jre\bin\instrument.dll
0x00007ff801620000 - 0x00007ff801636000 	C:\Program Files\Java\jdk1.8.0_241\jre\bin\zip.dll
0x00007ff808940000 - 0x00007ff809025000 	C:\WINDOWS\System32\SHELL32.dll
0x00007ff8084d0000 - 0x00007ff808579000 	C:\WINDOWS\System32\shcore.dll
0x00007ff8073d0000 - 0x00007ff807b50000 	C:\WINDOWS\System32\windows.storage.dll
0x00007ff807380000 - 0x00007ff8073a3000 	C:\WINDOWS\System32\profapi.dll
0x00007ff8072f0000 - 0x00007ff80733a000 	C:\WINDOWS\System32\powrprof.dll
0x00007ff8072e0000 - 0x00007ff8072f0000 	C:\WINDOWS\System32\UMPDC.dll
0x00007ff8088e0000 - 0x00007ff808932000 	C:\WINDOWS\System32\shlwapi.dll
0x00007ff807340000 - 0x00007ff807351000 	C:\WINDOWS\System32\kernel.appcore.dll
0x00007ff8073b0000 - 0x00007ff8073c7000 	C:\WINDOWS\System32\cryptsp.dll
0x00007ffffb420000 - 0x00007ffffb43a000 	D:\IntelliJ IDEA Community Edition 2019.3.3\bin\breakgen64.dll
0x00007ffffb400000 - 0x00007ffffb41a000 	C:\Program Files\Java\jdk1.8.0_241\jre\bin\net.dll
0x00007ff806af0000 - 0x00007ff806b57000 	C:\WINDOWS\system32\mswsock.dll
0x00007ff806660000 - 0x00007ff806693000 	C:\WINDOWS\system32\rsaenh.dll
0x00007ff807eb0000 - 0x00007ff807ed6000 	C:\WINDOWS\System32\bcrypt.dll
0x00007ff807200000 - 0x00007ff807225000 	C:\WINDOWS\SYSTEM32\USERENV.dll
0x00007ff806cc0000 - 0x00007ff806ccc000 	C:\WINDOWS\SYSTEM32\CRYPTBASE.dll
0x00007ff806800000 - 0x00007ff80683a000 	C:\WINDOWS\SYSTEM32\IPHLPAPI.DLL
0x00007ff809160000 - 0x00007ff809168000 	C:\WINDOWS\System32\NSI.dll
0x00007ff800a10000 - 0x00007ff800a26000 	C:\WINDOWS\SYSTEM32\dhcpcsvc6.DLL
0x00007ff800050000 - 0x00007ff80006c000 	C:\WINDOWS\SYSTEM32\dhcpcsvc.DLL
0x00007ff806840000 - 0x00007ff80690a000 	C:\WINDOWS\SYSTEM32\DNSAPI.dll
0x00007ffff6930000 - 0x00007ffff6942000 	C:\Program Files\Java\jdk1.8.0_241\jre\bin\nio.dll
0x00007ff8016b0000 - 0x00007ff8016ba000 	C:\Users\dell\AppData\Local\Temp\jansi-1.17.1-4059370454901416371.dll
0x00007ff800400000 - 0x00007ff80040a000 	C:\Users\dell\AppData\Local\Temp\jansi-1.17.1-2464369696538708943.dll

VM Arguments:
jvm_args: -Dmaven.multiModuleProjectDirectory=C:\Users\dell\Documents\School\Year 2\Compiler Theory\CPS2000\Assignment1 -Dmaven.home=D:\IntelliJ IDEA Community Edition 2019.3.3\plugins\maven\lib\maven3 -Dclassworlds.conf=D:\IntelliJ IDEA Community Edition 2019.3.3\plugins\maven\lib\maven3\bin\m2.conf -Dmaven.ext.class.path=D:\IntelliJ IDEA Community Edition 2019.3.3\plugins\maven\lib\maven-event-listener.jar -javaagent:D:\IntelliJ IDEA Community Edition 2019.3.3\lib\idea_rt.jar=52396:D:\IntelliJ IDEA Community Edition 2019.3.3\bin -Dfile.encoding=UTF-8 
java_command: org.codehaus.classworlds.Launcher -Didea.version2019.3.3 --offline clean install
java_class_path (initial): D:\IntelliJ IDEA Community Edition 2019.3.3\plugins\maven\lib\maven3\boot\plexus-classworlds-2.6.0.jar;D:\IntelliJ IDEA Community Edition 2019.3.3\lib\idea_rt.jar
Launcher Type: SUN_STANDARD

Environment Variables:
JAVA_HOME=C:\Program Files (x86)\Java\jdk1.8.0_201
PATH=C:\Program Files (x86)\Common Files\Oracle\Java\javapath;C:\Program Files (x86)\Java\jdk1.8.0_201\bin;C:\WINDOWS\system32;C:\WINDOWS;C:\WINDOWS\System32\Wbem;C:\WINDOWS\System32\WindowsPowerShell\v1.0\;C:\WINDOWS\System32\OpenSSH\;D:\Git\bin;D:\nodejs\;C:\Users\dell\AppData\Local\Android\Sdk\platform-tools;C:\Users\dell\AppData\Local\Android\Sdk\emulator;C:\Users\dell\AppData\Local\Android\Sdk\tools\bin;C:\Users\dell\AppData\Local\Android\Sdk\tools;C:\Program Files (x86)\OpenSSL\bin;D:\go\bin;C:\Program Files\dotnet\;D:\TortoiseSVN\bin;D:\PuTTY\;D:\doxygen\bin;C:\Users\dell\Anaconda3;C:\Users\dell\Anaconda3\Library\mingw-w64\bin;C:\Users\dell\Anaconda3\Library\usr\bin;C:\Users\dell\Anaconda3\Library\bin;C:\Users\dell\Anaconda3\Scripts;C:\Users\dell\AppData\Roaming\local\bin;C:\Users\dell\AppData\Local\Microsoft\WindowsApps;C:\Users\dell\AppData\Local\Programs\MiKTeX 2.9\miktex\bin\x64\;D:\Microsoft VS Code\bin;D:\Git\bin;C:\Users\dell\AppData\Roaming\npm;D:\gcloud\google-cloud-sdk\bin;C:\Users\dell\go\bin
USERNAME=dell
OS=Windows_NT
PROCESSOR_IDENTIFIER=Intel64 Family 6 Model 142 Stepping 10, GenuineIntel



---------------  S Y S T E M  ---------------

OS: Windows 10.0 , 64 bit Build 18362 (10.0.18362.778)

CPU:total 8 (initial active 8) (4 cores per cpu, 2 threads per core) family 6 model 142 stepping 10, cmov, cx8, fxsr, mmx, sse, sse2, sse3, ssse3, sse4.1, sse4.2, popcnt, avx, avx2, aes, clmul, erms, 3dnowpref, lzcnt, ht, tsc, tscinvbit, bmi1, bmi2, adx

Memory: 4k page, physical 8286508k(1014488k free), swap 23836968k(5664k free)

vm_info: Java HotSpot(TM) 64-Bit Server VM (25.241-b07) for windows-amd64 JRE (1.8.0_241-b07), built on Dec 11 2019 10:21:40 by "rejava" with MS VC++ 10.0 (VS2010)

time: Tue Apr 28 13:08:56 2020
timezone: W. Europe Summer Time
elapsed time: 9 seconds (0d 0h 0m 9s)

